# JRE version: OpenJDK Runtime Environment (11.0.10) (build 11.0.10+0-b96-7249189)
# Java VM: OpenJDK 64-Bit Server VM (11.0.10+0-b96-7249189, mixed mode, tiered, compressed oops, g1 gc, windows-amd64)
Heap:
 garbage-first heap   total 208896K, used 150047K [0x0000000080000000, 0x0000000100000000)
  region size 1024K, 23 young (23552K), 4 survivors (4096K)
 Metaspace       used 123547K, capacity 127078K, committed 127276K, reserved 1161216K
  class space    used 15162K, capacity 16433K, committed 16512K, reserved 1048576K
GC Heap History (20 events):
Event: 431.277 GC heap before
{Heap before GC invocations=137 (full 0):
 garbage-first heap   total 208896K, used 179068K [0x0000000080000000, 0x0000000100000000)
  region size 1024K, 66 young (67584K), 6 survivors (6144K)
 Metaspace       used 116993K, capacity 120216K, committed 120236K, reserved 1155072K
  class space    used 14417K, capacity 15611K, committed 15616K, reserved 1048576K
}
Event: 431.285 GC heap after
{Heap after GC invocations=138 (full 0):
 garbage-first heap   total 208896K, used 120780K [0x0000000080000000, 0x0000000100000000)
  region size 1024K, 7 young (7168K), 7 survivors (7168K)
 Metaspace       used 116993K, capacity 120216K, committed 120236K, reserved 1155072K
  class space    used 14417K, capacity 15611K, committed 15616K, reserved 1048576K
}
Event: 1444.976 GC heap before
{Heap before GC invocations=138 (full 0):
 garbage-first heap   total 208896K, used 178124K [0x0000000080000000, 0x0000000100000000)
  region size 1024K, 64 young (65536K), 7 survivors (7168K)
 Metaspace       used 118097K, capacity 121457K, committed 121772K, reserved 1155072K
  class space    used 14523K, capacity 15772K, committed 15872K, reserved 1048576K
}
Event: 1444.986 GC heap after
{Heap after GC invocations=139 (full 0):
 garbage-first heap   total 208896K, used 124289K [0x0000000080000000, 0x0000000100000000)
  region size 1024K, 8 young (8192K), 8 survivors (8192K)
 Metaspace       used 118097K, capacity 121457K, committed 121772K, reserved 1155072K
  class space    used 14523K, capacity 15772K, committed 15872K, reserved 1048576K
}
Event: 1445.354 GC heap before
{Heap before GC invocations=139 (full 0):
 garbage-first heap   total 208896K, used 177537K [0x0000000080000000, 0x0000000100000000)
  region size 1024K, 61 young (62464K), 8 survivors (8192K)
 Metaspace       used 118202K, capacity 121586K, committed 121772K, reserved 1155072K
  class space    used 14529K, capacity 15772K, committed 15872K, reserved 1048576K
}
Event: 1445.362 GC heap after
{Heap after GC invocations=140 (full 0):
 garbage-first heap   total 208896K, used 127449K [0x0000000080000000, 0x0000000100000000)
  region size 1024K, 7 young (7168K), 7 survivors (7168K)
 Metaspace       used 118202K, capacity 121586K, committed 121772K, reserved 1155072K
  class space    used 14529K, capacity 15772K, committed 15872K, reserved 1048576K
}
Event: 1445.563 GC heap before
{Heap before GC invocations=140 (full 0):
 garbage-first heap   total 208896K, used 177625K [0x0000000080000000, 0x0000000100000000)
  region size 1024K, 57 young (58368K), 7 survivors (7168K)
 Metaspace       used 118220K, capacity 121586K, committed 121772K, reserved 1155072K
  class space    used 14529K, capacity 15772K, committed 15872K, reserved 1048576K
}
Event: 1445.567 GC heap after
{Heap after GC invocations=141 (full 0):
 garbage-first heap   total 208896K, used 126114K [0x0000000080000000, 0x0000000100000000)
  region size 1024K, 2 young (2048K), 2 survivors (2048K)
 Metaspace       used 118220K, capacity 121586K, committed 121772K, reserved 1155072K
  class space    used 14529K, capacity 15772K, committed 15872K, reserved 1048576K
}
Event: 1534.673 GC heap before
{Heap before GC invocations=141 (full 0):
 garbage-first heap   total 208896K, used 178338K [0x0000000080000000, 0x0000000100000000)
  region size 1024K, 54 young (55296K), 2 survivors (2048K)
 Metaspace       used 118726K, capacity 122119K, committed 122284K, reserved 1155072K
  class space    used 14577K, capacity 15812K, committed 15872K, reserved 1048576K
}
Event: 1534.707 GC heap after
{Heap after GC invocations=142 (full 0):
 garbage-first heap   total 208896K, used 130869K [0x0000000080000000, 0x0000000100000000)
  region size 1024K, 7 young (7168K), 7 survivors (7168K)
 Metaspace       used 118726K, capacity 122119K, committed 122284K, reserved 1155072K
  class space    used 14577K, capacity 15812K, committed 15872K, reserved 1048576K
}
Event: 1534.882 GC heap before
{Heap before GC invocations=142 (full 0):
 garbage-first heap   total 208896K, used 175925K [0x0000000080000000, 0x0000000100000000)
  region size 1024K, 52 young (53248K), 7 survivors (7168K)
 Metaspace       used 118741K, capacity 122119K, committed 122284K, reserved 1155072K
  class space    used 14577K, capacity 15812K, committed 15872K, reserved 1048576K
}
Event: 1534.886 GC heap after
{Heap after GC invocations=143 (full 0):
 garbage-first heap   total 208896K, used 130423K [0x0000000080000000, 0x0000000100000000)
  region size 1024K, 3 young (3072K), 3 survivors (3072K)
 Metaspace       used 118741K, capacity 122119K, committed 122284K, reserved 1155072K
  class space    used 14577K, capacity 15812K, committed 15872K, reserved 1048576K
}
Event: 1536.825 GC heap before
{Heap before GC invocations=143 (full 0):
 garbage-first heap   total 208896K, used 175479K [0x0000000080000000, 0x0000000100000000)
  region size 1024K, 48 young (49152K), 3 survivors (3072K)
 Metaspace       used 118897K, capacity 122291K, committed 122540K, reserved 1157120K
  class space    used 14598K, capacity 15848K, committed 15872K, reserved 1048576K
}
Event: 1536.835 GC heap after
{Heap after GC invocations=144 (full 0):
 garbage-first heap   total 208896K, used 129197K [0x0000000080000000, 0x0000000100000000)
  region size 1024K, 1 young (1024K), 1 survivors (1024K)
 Metaspace       used 118897K, capacity 122291K, committed 122540K, reserved 1157120K
  class space    used 14598K, capacity 15848K, committed 15872K, reserved 1048576K
}
Event: 1539.309 GC heap before
{Heap before GC invocations=144 (full 0):
 garbage-first heap   total 208896K, used 179373K [0x0000000080000000, 0x0000000100000000)
  region size 1024K, 50 young (51200K), 1 survivors (1024K)
 Metaspace       used 118897K, capacity 122291K, committed 122540K, reserved 1157120K
  class space    used 14598K, capacity 15848K, committed 15872K, reserved 1048576K
}
Event: 1539.310 GC heap after
{Heap after GC invocations=145 (full 0):
 garbage-first heap   total 208896K, used 129131K [0x0000000080000000, 0x0000000100000000)
  region size 1024K, 1 young (1024K), 1 survivors (1024K)
 Metaspace       used 118897K, capacity 122291K, committed 122540K, reserved 1157120K
  class space    used 14598K, capacity 15848K, committed 15872K, reserved 1048576K
}
Event: 1545.228 GC heap before
{Heap before GC invocations=145 (full 0):
 garbage-first heap   total 208896K, used 179307K [0x0000000080000000, 0x0000000100000000)
  region size 1024K, 50 young (51200K), 1 survivors (1024K)
 Metaspace       used 119350K, capacity 122716K, committed 122924K, reserved 1157120K
  class space    used 14648K, capacity 15882K, committed 16000K, reserved 1048576K
}
Event: 1545.240 GC heap after
{Heap after GC invocations=146 (full 0):
 garbage-first heap   total 208896K, used 129268K [0x0000000080000000, 0x0000000100000000)
  region size 1024K, 2 young (2048K), 2 survivors (2048K)
 Metaspace       used 119350K, capacity 122716K, committed 122924K, reserved 1157120K
  class space    used 14648K, capacity 15882K, committed 16000K, reserved 1048576K
}
Event: 1567.571 GC heap before
{Heap before GC invocations=146 (full 0):
 garbage-first heap   total 208896K, used 178420K [0x0000000080000000, 0x0000000100000000)
  region size 1024K, 51 young (52224K), 2 survivors (2048K)
 Metaspace       used 123301K, capacity 126838K, committed 127020K, reserved 1159168K
  class space    used 15151K, capacity 16427K, committed 16512K, reserved 1048576K
}
Event: 1567.595 GC heap after
{Heap after GC invocations=147 (full 0):
 garbage-first heap   total 208896K, used 131615K [0x0000000080000000, 0x0000000100000000)
  region size 1024K, 4 young (4096K), 4 survivors (4096K)
 Metaspace       used 123301K, capacity 126838K, committed 127020K, reserved 1159168K
  class space    used 15151K, capacity 16427K, committed 16512K, reserved 1048576K
}

